<?xml version="1.0" encoding="UTF-8"?>
<testsuite name="epam.repository.StudentServiceTest" tests="9" skipped="0" failures="0" errors="0" timestamp="2022-02-23T21:08:02" hostname="DESKTOP-U60INIB" time="0.037">
  <properties/>
  <testcase name="getGradesReport()" classname="epam.repository.StudentServiceTest" time="0.019"/>
  <testcase name="sortByName()" classname="epam.repository.StudentServiceTest" time="0.001"/>
  <testcase name="removeStudent()" classname="epam.repository.StudentServiceTest" time="0.005"/>
  <testcase name="findStudentById()" classname="epam.repository.StudentServiceTest" time="0.001"/>
  <testcase name="addStudent()" classname="epam.repository.StudentServiceTest" time="0.001"/>
  <testcase name="updateStudent()" classname="epam.repository.StudentServiceTest" time="0.0"/>
  <testcase name="calculateAvgGrade()" classname="epam.repository.StudentServiceTest" time="0.003"/>
  <testcase name="sortByAvgGrade()" classname="epam.repository.StudentServiceTest" time="0.001"/>
  <testcase name="filterStudents()" classname="epam.repository.StudentServiceTest" time="0.001"/>
  <system-out><![CDATA[]]></system-out>
  <system-err><![CDATA[]]></system-err>
</testsuite>
