<?xml version="1.0" encoding="UTF-8"?>
<testsuite name="epam.util.ProgramsParserTest" tests="1" skipped="0" failures="0" errors="0" timestamp="2022-02-23T21:08:02" hostname="DESKTOP-U60INIB" time="0.01">
  <properties/>
  <testcase name="getListOfPrograms()" classname="epam.util.ProgramsParserTest" time="0.01"/>
  <system-out><![CDATA[]]></system-out>
  <system-err><![CDATA[]]></system-err>
</testsuite>
